2024-06-28T18:45:30.021-03:00  INFO 13428 --- [mscartoes] [main] c.m.mscartoes.MscartoesApplicationTests  : Starting MscartoesApplicationTests using Java 17.0.10 with PID 13428 (started by jflzn in C:\Users\jflzn\OneDrive\Projetos\projeto-cursoms\mscartoes)
2024-06-28T18:45:30.025-03:00  INFO 13428 --- [mscartoes] [main] c.m.mscartoes.MscartoesApplicationTests  : No active profile set, falling back to 1 default profile: "default"
2024-06-28T18:45:32.419-03:00  INFO 13428 --- [mscartoes] [main] .s.d.r.c.RepositoryConfigurationDelegate : Bootstrapping Spring Data JPA repositories in DEFAULT mode.
2024-06-28T18:45:32.599-03:00  INFO 13428 --- [mscartoes] [main] .s.d.r.c.RepositoryConfigurationDelegate : Finished Spring Data repository scanning in 170 ms. Found 2 JPA repository interfaces.
2024-06-28T18:45:33.035-03:00  INFO 13428 --- [mscartoes] [main] o.s.cloud.context.scope.GenericScope     : BeanFactory id=3fe3b763-aa23-3447-80ca-30c8a9ee9056
2024-06-28T18:45:33.690-03:00  WARN 13428 --- [mscartoes] [main] trationDelegate$BeanPostProcessorChecker : Bean 'org.springframework.cloud.client.loadbalancer.LoadBalancerAutoConfiguration$DeferringLoadBalancerInterceptorConfig' of type [org.springframework.cloud.client.loadbalancer.LoadBalancerAutoConfiguration$DeferringLoadBalancerInterceptorConfig] is not eligible for getting processed by all BeanPostProcessors (for example: not eligible for auto-proxying). The currently created BeanPostProcessor [lbRestClientPostProcessor] is declared through a non-static factory method on that class; consider declaring it as static instead.
2024-06-28T18:45:33.696-03:00  WARN 13428 --- [mscartoes] [main] trationDelegate$BeanPostProcessorChecker : Bean 'deferringLoadBalancerInterceptor' of type [org.springframework.cloud.client.loadbalancer.DeferringLoadBalancerInterceptor] is not eligible for getting processed by all BeanPostProcessors (for example: not eligible for auto-proxying). Is this bean getting eagerly injected into a currently created BeanPostProcessor [lbRestClientPostProcessor]? Check the corresponding BeanPostProcessor declaration and its dependencies.
2024-06-28T18:45:33.995-03:00  INFO 13428 --- [mscartoes] [main] com.zaxxer.hikari.HikariDataSource       : HikariPool-1 - Starting...
2024-06-28T18:45:34.514-03:00  INFO 13428 --- [mscartoes] [main] com.zaxxer.hikari.pool.HikariPool        : HikariPool-1 - Added connection conn0: url=jdbc:h2:mem:e6380c70-834d-4b7d-a6af-21bbbb2c8976 user=SA
2024-06-28T18:45:34.518-03:00  INFO 13428 --- [mscartoes] [main] com.zaxxer.hikari.HikariDataSource       : HikariPool-1 - Start completed.
2024-06-28T18:45:34.598-03:00  INFO 13428 --- [mscartoes] [main] o.hibernate.jpa.internal.util.LogHelper  : HHH000204: Processing PersistenceUnitInfo [name: default]
2024-06-28T18:45:34.733-03:00  INFO 13428 --- [mscartoes] [main] org.hibernate.Version                    : HHH000412: Hibernate ORM core version 6.5.2.Final
2024-06-28T18:45:34.821-03:00  INFO 13428 --- [mscartoes] [main] o.h.c.internal.RegionFactoryInitiator    : HHH000026: Second-level cache disabled
2024-06-28T18:45:35.283-03:00  INFO 13428 --- [mscartoes] [main] o.s.o.j.p.SpringPersistenceUnitInfo      : No LoadTimeWeaver setup: ignoring JPA class transformer
2024-06-28T18:45:36.392-03:00  INFO 13428 --- [mscartoes] [main] o.h.e.t.j.p.i.JtaPlatformInitiator       : HHH000489: No JTA platform available (set 'hibernate.transaction.jta.platform' to enable JTA platform integration)
2024-06-28T18:45:36.454-03:00  INFO 13428 --- [mscartoes] [main] j.LocalContainerEntityManagerFactoryBean : Initialized JPA EntityManagerFactory for persistence unit 'default'
2024-06-28T18:45:37.366-03:00  INFO 13428 --- [mscartoes] [main] o.s.d.j.r.query.QueryEnhancerFactory     : Hibernate is in classpath; If applicable, HQL parser will be used.
2024-06-28T18:45:39.004-03:00  WARN 13428 --- [mscartoes] [main] JpaBaseConfiguration$JpaWebConfiguration : spring.jpa.open-in-view is enabled by default. Therefore, database queries may be performed during view rendering. Explicitly configure spring.jpa.open-in-view to disable this warning
2024-06-28T18:45:43.531-03:00  INFO 13428 --- [mscartoes] [main] DiscoveryClientOptionalArgsConfiguration : Eureka HTTP Client uses RestTemplate.
2024-06-28T18:45:43.625-03:00  WARN 13428 --- [mscartoes] [main] iguration$LoadBalancerCaffeineWarnLogger : Spring Cloud LoadBalancer is currently working with the default cache. While this cache implementation is useful for development and tests, it's recommended to use Caffeine cache in production.You can switch to using Caffeine cache, by adding it and org.springframework.cache.caffeine.CaffeineCacheManager to the classpath.
2024-06-28T18:45:43.641-03:00  INFO 13428 --- [mscartoes] [main] o.s.b.a.e.web.EndpointLinksResolver      : Exposing 18 endpoints beneath base path '/actuator'
2024-06-28T18:45:43.847-03:00  INFO 13428 --- [mscartoes] [main] o.s.a.r.c.CachingConnectionFactory       : Attempting to connect to: [localhost:5672]
2024-06-28T18:45:43.866-03:00  INFO 13428 --- [mscartoes] [main] o.s.a.r.l.SimpleMessageListenerContainer : Broker not available; cannot force queue declarations during start: java.net.ConnectException: Connection refused: no further information
2024-06-28T18:45:43.881-03:00  INFO 13428 --- [mscartoes] [org.springframework.amqp.rabbit.RabbitListenerEndpointContainer#0-1] o.s.a.r.c.CachingConnectionFactory       : Attempting to connect to: [localhost:5672]
2024-06-28T18:45:43.906-03:00  INFO 13428 --- [mscartoes] [main] c.m.mscartoes.MscartoesApplicationTests  : Started MscartoesApplicationTests in 14.824 seconds (process running for 16.722)
2024-06-28T18:45:44.653-03:00  INFO 13428 --- [mscartoes] [SpringApplicationShutdownHook] o.s.c.n.eureka.InstanceInfoFactory       : Setting initial instance status as: STARTING
2024-06-28T18:45:44.655-03:00  INFO 13428 --- [mscartoes] [SpringApplicationShutdownHook] o.s.c.n.e.s.EurekaServiceRegistry        : Unregistering application MSCARTOES with eureka with status DOWN
2024-06-28T18:45:44.664-03:00  INFO 13428 --- [mscartoes] [org.springframework.amqp.rabbit.RabbitListenerEndpointContainer#0-2] o.s.a.r.l.SimpleMessageListenerContainer : Waiting for workers to finish.
2024-06-28T18:45:44.664-03:00  INFO 13428 --- [mscartoes] [org.springframework.amqp.rabbit.RabbitListenerEndpointContainer#0-2] o.s.a.r.l.SimpleMessageListenerContainer : Successfully waited for workers to finish.
2024-06-28T18:45:44.676-03:00  INFO 13428 --- [mscartoes] [SpringApplicationShutdownHook] j.LocalContainerEntityManagerFactoryBean : Closing JPA EntityManagerFactory for persistence unit 'default'
2024-06-28T18:45:44.683-03:00  INFO 13428 --- [mscartoes] [SpringApplicationShutdownHook] com.zaxxer.hikari.HikariDataSource       : HikariPool-1 - Shutdown initiated...
2024-06-28T18:45:44.689-03:00  INFO 13428 --- [mscartoes] [SpringApplicationShutdownHook] com.zaxxer.hikari.HikariDataSource       : HikariPool-1 - Shutdown completed.
